<?xml version="1.0" encoding="UTF-8"?>
<testng-results ignored="0" total="2" passed="2" failed="0" skipped="0">
  <reporter-output>
  </reporter-output>
  <suite started-at="2024-07-13T05:38:58Z" name="Default suite" finished-at="2024-07-13T05:38:58Z" duration-ms="93">
    <groups>
    </groups>
    <test started-at="2024-07-13T05:38:58Z" name="Default test" finished-at="2024-07-13T05:38:58Z" duration-ms="93">
      <class name="pac1.ContactTest">
        <test-method signature="createcontacttest()[pri:0, instance:pac1.ContactTest@31ea9581]" started-at="2024-07-13T05:38:58Z" name="createcontacttest" finished-at="2024-07-13T05:38:58Z" duration-ms="29" status="PASS">
          <reporter-output>
          </reporter-output>
        </test-method> <!-- createcontacttest -->
        <test-method signature="modifycontacttest()[pri:0, instance:pac1.ContactTest@31ea9581]" started-at="2024-07-13T05:38:58Z" name="modifycontacttest" finished-at="2024-07-13T05:38:58Z" duration-ms="2" status="PASS">
          <reporter-output>
          </reporter-output>
        </test-method> <!-- modifycontacttest -->
      </class> <!-- pac1.ContactTest -->
    </test> <!-- Default test -->
  </suite> <!-- Default suite -->
</testng-results>
